Removed Pin From Net: NetName=Ctrl_sig Pin=P13-1
Added Component: Designator=C11(0603)
Added Component: Designator=C12(0603)
Added Component: Designator=C13(0603)
Added Component: Designator=IC2(SOT-23-5)
Add component (AddParameter): Name = "Supplier 1"; Value = "Mouser"; VariantName = "[No Variations]"
Add component (AddParameter): Name = "Supplier Part Number 1"; Value = "595-SN74LV1T32DBVRG4"; VariantName = "[No Variations]"
Added Component: Designator=IC3(SOT-23-5)
Add component (AddParameter): Name = "Supplier 1"; Value = "Mouser"; VariantName = "[No Variations]"
Add component (AddParameter): Name = "Supplier Part Number 1"; Value = "595-74LVC1G125DBVRG4"; VariantName = "[No Variations]"
Added Component: Designator=P6(61300111121)
Add component (AddParameter): Name = "ComponentLink1Description"; Value = "Manufacturer"; VariantName = "[No Variations]"
Add component (AddParameter): Name = "ComponentLink1URL"; Value = "http://www.we-online.de"; VariantName = "[No Variations]"
Add component (AddParameter): Name = "ComponentLink2Description"; Value = "Datasheet"; VariantName = "[No Variations]"
Add component (AddParameter): Name = "ComponentLink2URL"; Value = "https://www.we-online.com/catalog/datasheet/61300111121.pdf"; VariantName = "[No Variations]"
Add component (AddParameter): Name = "Contact Resistance"; Value = "20mOhm"; VariantName = "[No Variations]"
Add component (AddParameter): Name = "Gender"; Value = "Pin Header"; VariantName = "[No Variations]"
Add component (AddParameter): Name = "Manufacturer"; Value = "Wurth Elektronik"; VariantName = "[No Variations]"
Add component (AddParameter): Name = "Manufacturer Part Number"; Value = "61300111121"; VariantName = "[No Variations]"
Add component (AddParameter): Name = "Mounting Technology"; Value = "THT"; VariantName = "[No Variations]"
Add component (AddParameter): Name = "Operating Temperature"; Value = "-40 to +105degC"; VariantName = "[No Variations]"
Add component (AddParameter): Name = "Orientation"; Value = "Vertical"; VariantName = "[No Variations]"
Add component (AddParameter): Name = "Packaging"; Value = "Bag"; VariantName = "[No Variations]"
Add component (AddParameter): Name = "Pin Number"; Value = "1"; VariantName = "[No Variations]"
Add component (AddParameter): Name = "Pitch"; Value = "2.54mm"; VariantName = "[No Variations]"
Add component (AddParameter): Name = "Published Date"; Value = "May 2020"; VariantName = "[No Variations]"
Add component (AddParameter): Name = "Rated Current"; Value = "3A"; VariantName = "[No Variations]"
Add component (AddParameter): Name = "Row Number"; Value = "Single"; VariantName = "[No Variations]"
Add component (AddParameter): Name = "Withstanding Voltage"; Value = "500VAC"; VariantName = "[No Variations]"
Add component (AddParameter): Name = "Working Voltage"; Value = "250VAC"; VariantName = "[No Variations]"
Added Component: Designator=P10(61300111121)
Add component (AddParameter): Name = "ComponentLink1Description"; Value = "Manufacturer"; VariantName = "[No Variations]"
Add component (AddParameter): Name = "ComponentLink1URL"; Value = "http://www.we-online.de"; VariantName = "[No Variations]"
Add component (AddParameter): Name = "ComponentLink2Description"; Value = "Datasheet"; VariantName = "[No Variations]"
Add component (AddParameter): Name = "ComponentLink2URL"; Value = "https://www.we-online.com/catalog/datasheet/61300111121.pdf"; VariantName = "[No Variations]"
Add component (AddParameter): Name = "Contact Resistance"; Value = "20mOhm"; VariantName = "[No Variations]"
Add component (AddParameter): Name = "Gender"; Value = "Pin Header"; VariantName = "[No Variations]"
Add component (AddParameter): Name = "Manufacturer"; Value = "Wurth Elektronik"; VariantName = "[No Variations]"
Add component (AddParameter): Name = "Manufacturer Part Number"; Value = "61300111121"; VariantName = "[No Variations]"
Add component (AddParameter): Name = "Mounting Technology"; Value = "THT"; VariantName = "[No Variations]"
Add component (AddParameter): Name = "Operating Temperature"; Value = "-40 to +105degC"; VariantName = "[No Variations]"
Add component (AddParameter): Name = "Orientation"; Value = "Vertical"; VariantName = "[No Variations]"
Add component (AddParameter): Name = "Packaging"; Value = "Bag"; VariantName = "[No Variations]"
Add component (AddParameter): Name = "Pin Number"; Value = "1"; VariantName = "[No Variations]"
Add component (AddParameter): Name = "Pitch"; Value = "2.54mm"; VariantName = "[No Variations]"
Add component (AddParameter): Name = "Published Date"; Value = "May 2020"; VariantName = "[No Variations]"
Add component (AddParameter): Name = "Rated Current"; Value = "3A"; VariantName = "[No Variations]"
Add component (AddParameter): Name = "Row Number"; Value = "Single"; VariantName = "[No Variations]"
Add component (AddParameter): Name = "Withstanding Voltage"; Value = "500VAC"; VariantName = "[No Variations]"
Add component (AddParameter): Name = "Working Voltage"; Value = "250VAC"; VariantName = "[No Variations]"
Added Component: Designator=R3(0603)
Added Component: Designator=R4(0603)
Added Component: Designator=R5(0603)
Added Component: Designator=R6(0603)
Added Pin To Net: NetName=GND Pin=C12-1
Added Pin To Net: NetName=5V Pin=C12-2
Added Pin To Net: NetName=GND Pin=C13-1
Added Pin To Net: NetName=5V Pin=C13-2
Added Pin To Net: NetName=GND Pin=IC2-2
Added Pin To Net: NetName=GND Pin=IC2-3
Added Pin To Net: NetName=Ctrl_sig Pin=IC2-4
Added Pin To Net: NetName=5V Pin=IC2-5
Added Pin To Net: NetName=GND Pin=IC3-1
Added Pin To Net: NetName=GND Pin=IC3-3
Added Pin To Net: NetName=5V Pin=IC3-5
Added Pin To Net: NetName=GND Pin=R5-1
Added Pin To Net: NetName=GND Pin=R6-1
Added Pin To Net: NetName=Adx_N Pin=C11-1
Added Pin To Net: NetName=Adx_N Pin=R5-2
Added Net: Name=Adx_N
Added Pin To Net: NetName=Adx_P Pin=C11-2
Added Pin To Net: NetName=Adx_P Pin=R3-2
Added Net: Name=Adx_P
Added Pin To Net: NetName=Lvl_shft Pin=IC2-1
Added Pin To Net: NetName=Lvl_shft Pin=P13-1
Added Net: Name=Lvl_shft
Added Pin To Net: NetName=NetIC3_4 Pin=IC3-4
Added Pin To Net: NetName=NetIC3_4 Pin=P10-1
Added Net: Name=NetIC3_4
Added Pin To Net: NetName=NetP6_1 Pin=P6-1
Added Pin To Net: NetName=NetP6_1 Pin=R4-2
Added Net: Name=NetP6_1
Added Pin To Net: NetName=NetR3_1 Pin=R3-1
Added Pin To Net: NetName=NetR3_1 Pin=R4-1
Added Pin To Net: NetName=NetR3_1 Pin=R6-2
Added Net: Name=NetR3_1
Added Pin To Net: NetName=To_Buffer Pin=IC1-4
Added Pin To Net: NetName=To_Buffer Pin=IC3-2
Added Net: Name=To_Buffer
Added Member To Class: ClassName=Schematics Member=Component C11 1nF
Added Member To Class: ClassName=Schematics Member=Component C12 0.1uF
Added Member To Class: ClassName=Schematics Member=Component C13 0.1uF
Added Member To Class: ClassName=Schematics Member=Component IC2 SN74LV1T32DBVRG4
Added Member To Class: ClassName=Schematics Member=Component IC3 74LVC1G125DBVRG4
Added Member To Class: ClassName=Schematics Member=Component P6 61300111121
Added Member To Class: ClassName=Schematics Member=Component R3 140
Added Member To Class: ClassName=Schematics Member=Component R4 2.32K
Added Member To Class: ClassName=Schematics Member=Component R5 845
Added Member To Class: ClassName=Schematics Member=Component R6 1K
